<?xml version="1.0" encoding="UTF-8"?>
<!-- Generated by org.testng.reporters.JUnitXMLReporter -->
<testsuite ignored="1" hostname="DESKTOP-O2EBINU" failures="0" tests="1" name="Default test" time="129.69" errors="0" timestamp="2025-09-04T22:34:07 IST">
  <testcase classname="RestAPI.Day4_RestAssured_ValidatingJSONResponses" name="ValidingjsonResponse1" time="127.056"/>
  <testcase classname="RestAPI.Day4_RestAssured_ValidatingJSONResponses" name="ValidingjsonResponse" time="0.0">
    <ignored/>
  </testcase> <!-- ValidingjsonResponse -->
</testsuite> <!-- Default test -->
