<?xml version="1.0" encoding="UTF-8"?>
<testng-results ignored="1" total="2" passed="1" failed="0" skipped="0">
  <reporter-output>
  </reporter-output>
  <suite started-at="2025-09-04T22:31:57 IST" name="Default suite" finished-at="2025-09-04T22:34:07 IST" duration-ms="129690">
    <groups>
    </groups>
    <test started-at="2025-09-04T22:31:57 IST" name="Default test" finished-at="2025-09-04T22:34:07 IST" duration-ms="129690">
      <class name="RestAPI.Day4_RestAssured_ValidatingJSONResponses">
        <test-method signature="ValidingjsonResponse1()[pri:0, instance:RestAPI.Day4_RestAssured_ValidatingJSONResponses@7c7b252e]" started-at="2025-09-04T22:31:59 IST" name="ValidingjsonResponse1" finished-at="2025-09-04T22:34:06 IST" duration-ms="127056" status="PASS">
          <reporter-output>
          </reporter-output>
        </test-method> <!-- ValidingjsonResponse1 -->
      </class> <!-- RestAPI.Day4_RestAssured_ValidatingJSONResponses -->
    </test> <!-- Default test -->
  </suite> <!-- Default suite -->
</testng-results>
